<?xml version="1.0" encoding="UTF-8"?>
<!-- Generated by org.testng.reporters.JUnitReportReporter -->
<testsuite hostname="LAPTOP-0G39GJJ3" failures="0" tests="1" name="com.webappsecurity.zero.Testscripts.VerifyFundTransferTest" time="9.563" errors="0" timestamp="2022-03-22T21:00:41 MDT" skipped="0">
  <testcase classname="com.webappsecurity.zero.Testscripts.VerifyFundTransferTest" name="verifyFunfTransfer" time="9.563"/>
  <system-out/>
</testsuite> <!-- com.webappsecurity.zero.Testscripts.VerifyFundTransferTest -->
