<?xml version="1.0" encoding="UTF-8"?>
<!-- Generated by org.testng.reporters.JUnitReportReporter -->
<testsuite hostname="LAPTOP-0G39GJJ3" failures="0" tests="1" name="kdf.Application" time="13.763" errors="0" timestamp="2022-04-13T21:59:57 MDT" skipped="0">
  <testcase classname="kdf.Application" name="invalidLogintest" time="13.763"/>
  <system-out/>
</testsuite> <!-- kdf.Application -->
